2026-01-17 22:24:40,363 INFO    MainThread:14200 [wandb_setup.py:_flush():81] Current SDK version is 0.24.0
2026-01-17 22:24:40,363 INFO    MainThread:14200 [wandb_setup.py:_flush():81] Configure stats pid to 14200
2026-01-17 22:24:40,365 INFO    MainThread:14200 [wandb_setup.py:_flush():81] Loading settings from environment variables
2026-01-17 22:24:40,365 INFO    MainThread:14200 [wandb_init.py:setup_run_log_directory():717] Logging user logs to C:\Users\CSE IIT BHILAI\Downloads\Dendrites\ResNet\CIFAR-100\wandb\run-20260117_222440-wy304onp\logs\debug.log
2026-01-17 22:24:40,365 INFO    MainThread:14200 [wandb_init.py:setup_run_log_directory():718] Logging internal logs to C:\Users\CSE IIT BHILAI\Downloads\Dendrites\ResNet\CIFAR-100\wandb\run-20260117_222440-wy304onp\logs\debug-internal.log
2026-01-17 22:24:40,365 INFO    MainThread:14200 [wandb_init.py:init():844] calling init triggers
2026-01-17 22:24:40,365 INFO    MainThread:14200 [wandb_init.py:init():849] wandb.init called with sweep_config: {}
config: {'_wandb': {}}
2026-01-17 22:24:40,365 INFO    MainThread:14200 [wandb_init.py:init():892] starting backend
2026-01-17 22:24:42,640 INFO    MainThread:14200 [wandb_init.py:init():895] sending inform_init request
2026-01-17 22:24:42,656 INFO    MainThread:14200 [wandb_init.py:init():903] backend started and connected
2026-01-17 22:24:42,656 INFO    MainThread:14200 [wandb_init.py:init():973] updated telemetry
2026-01-17 22:24:42,658 INFO    MainThread:14200 [wandb_init.py:init():997] communicating run to backend with 90.0 second timeout
2026-01-17 22:24:43,739 INFO    MainThread:14200 [wandb_init.py:init():1044] starting run threads in backend
2026-01-17 22:24:43,796 INFO    MainThread:14200 [wandb_run.py:_console_start():2529] atexit reg
2026-01-17 22:24:43,797 INFO    MainThread:14200 [wandb_run.py:_redirect():2377] redirect: wrap_raw
2026-01-17 22:24:43,797 INFO    MainThread:14200 [wandb_run.py:_redirect():2446] Wrapping output streams.
2026-01-17 22:24:43,797 INFO    MainThread:14200 [wandb_run.py:_redirect():2469] Redirects installed.
2026-01-17 22:24:43,798 INFO    MainThread:14200 [wandb_init.py:init():1084] run started, returning control to user process
2026-01-17 22:25:05,357 ERROR   wandb-AsyncioManager-main:14200 [service_client.py:_forward_responses():77] Error reading server response.
Traceback (most recent call last):
  File "C:\Users\CSE IIT BHILAI\AppData\Local\Programs\Python\Python310\lib\asyncio\windows_events.py", line 480, in finish_recv
    return ov.getresult()
OSError: [WinError 64] The specified network name is no longer available

During handling of the above exception, another exception occurred:

Traceback (most recent call last):
  File "C:\Users\CSE IIT BHILAI\Downloads\Dendrites\ResNet\CIFAR-100\myenv\lib\site-packages\wandb\sdk\lib\service\service_client.py", line 73, in _forward_responses
    while response := await self._read_server_response():
  File "C:\Users\CSE IIT BHILAI\Downloads\Dendrites\ResNet\CIFAR-100\myenv\lib\site-packages\wandb\sdk\lib\service\service_client.py", line 87, in _read_server_response
    header = await self._reader.readexactly(_HEADER_BYTE_INT_LEN)
  File "C:\Users\CSE IIT BHILAI\AppData\Local\Programs\Python\Python310\lib\asyncio\streams.py", line 708, in readexactly
    await self._wait_for_data('readexactly')
  File "C:\Users\CSE IIT BHILAI\AppData\Local\Programs\Python\Python310\lib\asyncio\streams.py", line 502, in _wait_for_data
    await self._waiter
  File "C:\Users\CSE IIT BHILAI\AppData\Local\Programs\Python\Python310\lib\asyncio\proactor_events.py", line 282, in _loop_reading
    length = fut.result()
  File "C:\Users\CSE IIT BHILAI\AppData\Local\Programs\Python\Python310\lib\asyncio\windows_events.py", line 812, in _poll
    value = callback(transferred, key, ov)
  File "C:\Users\CSE IIT BHILAI\AppData\Local\Programs\Python\Python310\lib\asyncio\windows_events.py", line 484, in finish_recv
    raise ConnectionResetError(*exc.args)
ConnectionResetError: [WinError 64] The specified network name is no longer available
2026-01-17 22:25:05,361 INFO    wandb-AsyncioManager-main:14200 [mailbox.py:close():137] Closing mailbox, abandoning 1 handles.
